"../../../Engine/Content/Functions/Engine_MaterialFunctions01/Opacity/CameraDepthFade.uasset" 0
"../../../Engine/Content/EngineMaterials/T_Default_Material_Grid_M.uasset" 1
"../../../Engine/Content/EngineMaterials/T_Default_Material_Grid_N.uasset" 2
"../../../Engine/Content/EngineMaterials/DefaultMaterial.uasset" 3
"../../../Engine/Content/BasicShapes/Cone.uasset" 4
"../../../Engine/Content/EditorLandscapeResources/DataLayer.uasset" 5
"../../../Engine/Content/EditorMaterials/GizmoMaterial.uasset" 6
"../../../Engine/Content/EditorMaterials/MAT_Groups_Toggle.uasset" 7
"../../../Engine/Content/EditorMaterials/MAT_Groups_Visibility.uasset" 8
"../../../Engine/Content/EditorMaterials/PreviewShadowIndicator.uasset" 9
"../../../Engine/Content/EditorMaterials/PreviewShadowIndicatorMaterial.uasset" 10
"../../../Engine/Content/EditorMaterials/AssetViewer/EpicQuadPanorama_CC+EV1.uasset" 11
"../../../Engine/Content/EditorMaterials/MatineeGroups/MAT_ColorTrack.uasset" 12
"../../../Engine/Content/EditorMaterials/MatineeGroups/MAT_Groups_Anim.uasset" 13
"../../../Engine/Content/EditorMaterials/MatineeGroups/MAT_Groups_AudioMaster.uasset" 14
"../../../Engine/Content/EditorMaterials/MatineeGroups/MAT_Groups_Director.uasset" 15
"../../../Engine/Content/EditorMaterials/MatineeGroups/MAT_Groups_Event.uasset" 16
"../../../Engine/Content/EditorMaterials/MatineeGroups/MAT_Groups_Fade.uasset" 17
"../../../Engine/Content/EditorMaterials/MatineeGroups/MAT_Groups_Float.uasset" 18
"../../../Engine/Content/EditorMaterials/MatineeGroups/MAT_Groups_Move.uasset" 19
"../../../Engine/Content/EditorMaterials/MatineeGroups/MAT_Groups_Slomo.uasset" 20
"../../../Engine/Content/EditorMaterials/MatineeGroups/MAT_Groups_Sound.uasset" 21
"../../../Engine/Content/EditorMaterials/MatineeGroups/MAT_Groups_Vector.uasset" 22
"../../../Engine/Content/EditorMaterials/ParticleSystems/PSysThumbnail_NoImage.uasset" 23
"../../../Engine/Content/EditorMaterials/ParticleSystems/PSysThumbnail_OOD.uasset" 24
"../../../Engine/Content/EditorMaterials/Camera/CineMat.uasset" 25
"../../../Engine/Content/EditorMaterials/Camera/MI_CineMat_Rig.uasset" 26
"../../../Engine/Content/EditorMeshes/Camera/SM_CraneRig_Arm.uasset" 27
"../../../Engine/Content/EditorMeshes/Camera/SM_CraneRig_Base.uasset" 28
"../../../Engine/Content/EditorMeshes/Camera/SM_CraneRig_Body.uasset" 29
"../../../Engine/Content/EditorMeshes/Camera/SM_CraneRig_Mount.uasset" 30
"../../../Engine/Content/EditorMeshes/Camera/SM_RailRig_Mount.uasset" 31
"../../../Engine/Content/EditorMeshes/Camera/SM_RailRig_Track.uasset" 32
"../../../Engine/Content/EditorResources/BSPVertex.uasset" 33
"../../../Engine/Content/EditorResources/EmptyActor.uasset" 34
"../../../Engine/Content/EditorResources/RGBTable16x1_AssetViewer.uasset" 35
"../../../Engine/Content/EditorResources/S_Actor.uasset" 36
"../../../Engine/Content/EditorResources/S_Trigger.uasset" 37
"../../../Engine/Content/EditorResources/AudioIcons/S_AudioComponent.uasset" 38
"../../../Engine/Content/EditorResources/AudioIcons/S_AudioComponent_AutoActivate.uasset" 39
"../../../Engine/Content/EditorResources/LightIcons/S_LightError.uasset" 40
"../../../Engine/Content/EditorResources/SequenceRecorder/Countdown.uasset" 41
"../../../Engine/Content/EditorResources/SequenceRecorder/RecordingIndicator.uasset" 42
"../../../Engine/Content/EditorSounds/Notifications/CompileFailed.uasset" 43
"../../../Engine/Content/EditorSounds/Notifications/CompileFailed_Cue.uasset" 44
"../../../Engine/Content/EditorSounds/Notifications/CompileSuccess.uasset" 45
"../../../Engine/Content/EditorSounds/Notifications/CompileStart_Cue.uasset" 46
"../../../Engine/Content/EditorSounds/Notifications/CompileSuccess_Cue.uasset" 47
"../../../Engine/Content/EngineDamageTypes/DmgTypeBP_Environmental.uasset" 48
"../../../Engine/Content/EngineDebugMaterials/HeatmapGradient.uasset" 49
"../../../Engine/Content/EngineDebugMaterials/BoneWeightMaterial.uasset" 50
"../../../Engine/Content/EngineDebugMaterials/DebugMeshMaterial.uasset" 51
"../../../Engine/Content/EngineDebugMaterials/GeomMaterial.uasset" 52
"../../../Engine/Content/EngineFonts/Faces/RobotoBold.uasset" 53
"../../../Engine/Content/EngineFonts/Faces/RobotoBoldItalic.uasset" 54
"../../../Engine/Content/EngineFonts/Faces/RobotoItalic.uasset" 55
"../../../Engine/Content/EngineFonts/Faces/RobotoLight.uasset" 56
"../../../Engine/Content/EngineFonts/Faces/RobotoRegular.uasset" 57
"../../../Engine/Content/EngineFonts/Roboto.uasset" 58
"../../../Engine/Content/EngineFonts/Faces/RobotoTiny.uasset" 59
"../../../Engine/Content/EngineFonts/RobotoTiny.uasset" 60
"../../../Engine/Content/EngineMaterials/DefaultBokeh.uasset" 61
"../../../Engine/Content/EngineMaterials/DefaultDiffuse.uasset" 62
"../../../Engine/Content/EngineMaterials/DefaultDeferredDecalMaterial.uasset" 63
"../../../Engine/Content/EngineMaterials/DefaultLightFunctionMaterial.uasset" 64
"../../../Engine/Content/Functions/Engine_MaterialFunctions02/Utility/BreakOutFloat2Components.uasset" 65
"../../../Engine/Content/EngineMaterials/DefaultPostProcessMaterial.uasset" 66
"../../../Engine/Content/EngineFonts/RobotoDistanceField.uasset" 67
"../../../Engine/Content/EngineMaterials/DefaultTextMaterialOpaque.uasset" 68
"../../../Engine/Content/EngineMaterials/DefaultWhiteGrid.uasset" 69
"../../../Engine/Content/EngineMaterials/EditorBrushMaterial.uasset" 70
"../../../Engine/Content/EngineMaterials/MiniFont.uasset" 71
"../../../Engine/Content/EngineMaterials/InvalidLightmapSettings.uasset" 72
"../../../Engine/Content/EngineMaterials/M_InvalidLightmapSettings.uasset" 73
"../../../Engine/Content/EngineMaterials/PhAT_JointLimitMaterial.uasset" 74
"../../../Engine/Content/EngineMaterials/PreintegratedSkinBRDF.uasset" 75
"../../../Engine/Content/EngineMaterials/RemoveSurfaceMaterial.uasset" 76
"../../../Engine/Content/EngineMaterials/WeightMapPlaceholderTexture.uasset" 77
"../../../Engine/Content/EngineResources/WhiteSquareTexture.uasset" 78
"../../../Engine/Content/EngineMaterials/Widget3DPassThrough.uasset" 79
"../../../Engine/Content/EngineMaterials/Widget3DPassThrough_Masked.uasset" 80
"../../../Engine/Content/EngineMaterials/Widget3DPassThrough_Opaque.uasset" 81
"../../../Engine/Content/EngineMaterials/Widget3DPassThrough_Masked_OneSided.uasset" 82
"../../../Engine/Content/EngineMaterials/Widget3DPassThrough_Opaque_OneSided.uasset" 83
"../../../Engine/Content/EngineMaterials/Widget3DPassThrough_Translucent.uasset" 84
"../../../Engine/Content/EngineMaterials/Widget3DPassThrough_Translucent_OneSided.uasset" 85
"../../../Engine/Content/EngineMeshes/Cube.uasset" 86
"../../../Engine/Content/EngineMeshes/Cylinder.uasset" 87
"../../../Engine/Content/EngineMeshes/Sphere.uasset" 88
"../../../Engine/Content/EngineResources/Black.uasset" 89
"../../../Engine/Content/EngineResources/DefaultTexture.uasset" 90
"../../../Engine/Content/EngineResources/DefaultTextureCube.uasset" 91
"../../../Engine/Content/EngineResources/GradientTexture0.uasset" 92
"../../../Engine/Content/EngineSounds/Master.uasset" 93
"../../../Engine/Content/Functions/Engine_MaterialFunctions01/Shading/ConvertFromDiffSpec.uasset" 94
"../../../Engine/Content/Functions/Engine_MaterialFunctions01/Shading/PowerToRoughness.uasset" 95
"../../../Engine/Content/Maps/Templates/Thumbnails/Default.uasset" 96
"../../../Engine/Content/Maps/Templates/Thumbnails/VR-Basic.uasset" 97
"../../../Engine/Content/MobileResources/T_MobileControls_texture.uasset" 98
"../../../Engine/Content/MobileResources/T_MobileMenu2.uasset" 99
"../../../Engine/Content/MobileResources/HUD/AnalogHat.uasset" 100
"../../../Engine/Content/MobileResources/HUD/VirtualJoystick_Background.uasset" 101
"../../../Engine/Content/MobileResources/HUD/VirtualJoystick_Thumb.uasset" 102
"../../../Engine/Content/MobileResources/HUD/DefaultVirtualJoysticks.uasset" 103
"../../../Engine/Content/MobileResources/HUD/LeftVirtualJoystickOnly.uasset" 104
"../../../Engine/Content/MobileResources/HUD/MobileHUDButton1_off.uasset" 105
"../../../Engine/Content/MobileResources/HUD/MobileHUDButton1_on.uasset" 106
"../../../Engine/Content/MobileResources/HUD/MobileHUDButton2_off.uasset" 107
"../../../Engine/Content/MobileResources/HUD/MobileHUDButton2_on.uasset" 108
"../../../Engine/Content/MobileResources/HUD/MobileHUDButton3.uasset" 109
"../../../Engine/Content/MobileResources/HUD/MobileHUDButtonFire.uasset" 110
"../../../Engine/Content/MobileResources/HUD/MobileHUDDirectionPad.uasset" 111
"../../../Engine/Content/MobileResources/HUD/MobileHUDDirectionPad2.uasset" 112
"../../../Engine/Content/MobileResources/HUD/MobileHUDDirectionPad3.uasset" 113
"../../../Engine/Content/MobileResources/HUD/MobileHUDDirectionStick.uasset" 114
"../../../Engine/Content/MobileResources/HUD/T_Castle_ThumbstickInner.uasset" 115
"../../../Engine/Content/MobileResources/HUD/T_Castle_ThumbstickOutter.uasset" 116
"../../../Engine/Content/Tutorial/ContentIntroCurve.uasset" 117
"../../../Engine/Content/Tutorial/Basics/TutorialAssets/icon_tab_Levels_40x.uasset" 118
"../../../Engine/Content/Tutorial/BlueprintTutorials/TutorialAssets/BlueprintInterface_64x.uasset" 119
"../../../Engine/Content/Tutorial/BlueprintTutorials/TutorialAssets/BlueprintMacroLibrary_64x.uasset" 120
"../../../Engine/Content/Tutorial/BlueprintTutorials/TutorialAssets/Blueprint_64x.uasset" 121
"../../../Engine/Content/Tutorial/BlueprintTutorials/TutorialAssets/Tutorial_BP_Interface.uasset" 122
"../../../Engine/Content/Tutorial/Foliage/TutorialAssets/Foliage.uasset" 123
"../../../Engine/Content/Tutorial/Landscape/TutorialAssets/Landscape.uasset" 124
"../../../Engine/Content/Tutorial/Paper2D/TutorialAssets/Paper2DFlipbook_TutorialIcon.uasset" 125
"../../../Engine/Content/Tutorial/Paper2D/TutorialAssets/Paper2DSprite_TutorialIcon.uasset" 126
"../../../Engine/Content/Tutorial/SubEditors/TutorialAssets/icon_Editor_Preferences_General_40x.uasset" 127
"../../../Engine/Content/Tutorial/SubEditors/TutorialAssets/icon_ShowSkeletalMeshes_40x.uasset" 128
"../../../Engine/Content/Tutorial/SubEditors/TutorialAssets/TutorialMaterial.uasset" 129
"../../../Engine/Content/Tutorial/SubEditors/TutorialAssets/T_SmokeSubUV_8X8.uasset" 130
"../../../Engine/Content/Tutorial/SubEditors/TutorialAssets/T_soft_smoke.uasset" 131
"../../../Engine/Content/Tutorial/SubEditors/TutorialAssets/M_smoke_subUV_blackbody.uasset" 132
"../../../Engine/Content/Tutorial/SubEditors/TutorialAssets/TutorialParticleSystem.uasset" 133
"../../../Engine/Content/EngineMaterials/WorldGridMaterial.uasset" 134
"../../../Engine/Content/EditorMeshes/EditorCube.uasset" 135
"../../../Engine/Content/Tutorial/SubEditors/TutorialAssets/Tutorial_DM.uasset" 136
"../../../Engine/Content/VREditor/Devices/Generic/GenericHMDMaterial.uasset" 137
"../../../Engine/Content/VREditor/Devices/Generic/GenericHMD.uasset" 138
"../../../Engine/Content/VREditor/FloatingText/LineMaterial.uasset" 139
"../../../Engine/Content/VREditor/FloatingText/JointSphere.uasset" 140
"../../../Engine/Content/VREditor/FloatingText/LineSegmentCylinder.uasset" 141
"../../../Engine/Content/VREditor/Fonts/VRText_RobotoLarge.uasset" 142
"../../../Engine/Content/VREditor/Fonts/VRTextMaterial.uasset" 143
"../../../Engine/Content/VREditor/Fonts/TranslucentVRTextMaterial.uasset" 144
"../../../Engine/Content/VREditor/LaserPointer/VR_LaserPower_01.uasset" 145
"../../../Engine/Content/VREditor/LaserPointer/LaserPointerMaterial.uasset" 146
"../../../Engine/Content/VREditor/LaserPointer/LaserPointerMaterialInst.uasset" 147
"../../../Engine/Content/VREditor/LaserPointer/TranslucentLaserPointerMaterialInst.uasset" 148
"../../../Engine/Content/VREditor/LaserPointer/LaserPointerMesh.uasset" 149
"../../../Engine/Content/VREditor/Sounds/VR_grab_Cue.uasset" 150
"../../../Engine/Content/VREditor/Sounds/VR_teleport_Cue.uasset" 151
"../../../Engine/Content/VREditor/TransformGizmo/TransformGizmoMaterial.uasset" 152
"../../../Engine/Content/VREditor/TransformGizmo/TranslucentTransformGizmoMaterial.uasset" 153
"../../../Engine/Content/VREditor/TransformGizmo/BoundingBoxCorner.uasset" 154
"../../../Engine/Content/VREditor/TransformGizmo/BoundingBoxEdge.uasset" 155
"../../../Engine/Content/VREditor/TransformGizmo/PlaneTranslationHandle.uasset" 156
"../../../Engine/Content/VREditor/TransformGizmo/RotationHandle.uasset" 157
"../../../Engine/Content/VREditor/TransformGizmo/RotationHandleFull.uasset" 158
"../../../Engine/Content/VREditor/TransformGizmo/StretchingHandle.uasset" 159
"../../../Engine/Content/VREditor/TransformGizmo/TranslateHandleLong.uasset" 160
"../../../Engine/Content/VREditor/TransformGizmo/TranslationHandle.uasset" 161
"../../../Engine/Content/VREditor/TransformGizmo/UniformScaleHandle.uasset" 162
"../../../Engine/Content/VREditor/UI/CloseButtonMesh.uasset" 163
"../../../Engine/Content/VREditor/UI/SelectionBarMesh.uasset" 164
"../../../Engine/Content/Functions/Engine_MaterialFunctions01/Gradient/RadialGradient.uasset" 165
"../../../Engine/Content/VREditor/WorldMovementGrid/SimpleGrid.uasset" 166
"../../../Engine/Content/VREditor/WorldMovementGrid/GridMaterial.uasset" 167
"../../../Engine/Content/Functions/Engine_MaterialFunctions01/Density/ExponentialDensity.uasset" 168
"../../../Engine/Content/VREditor/WorldMovementGrid/GridPostProcess.uasset" 169
"../../../Engine/Content/EditorLandscapeResources/FlattenHeightMat.uasset" 170
"../../../Engine/Content/VREditor/WorldMovementGrid/PlaneMesh.uasset" 171
"../../../hackathon/Content/corn/FieldOfCorn_BaseColor.uasset" 172
"../../../hackathon/Content/corn/FieldOfCorn_mat.uasset" 173
"../../../hackathon/Content/corn/corn1.uasset" 174
"../../../hackathon/Content/corn/NewBlueprint.uasset" 175
"../../../hackathon/Content/Done/01_-_Default.uasset" 176
"../../../hackathon/Content/Done/Rain.uasset" 177
"../../../hackathon/Content/Done/Floor_MAT.uasset" 178
"../../../hackathon/Content/VirtualRealityBP/Blueprints/PickupActorInterface.uasset" 179
"../../../hackathon/Content/Done/Axe/Axe_Showel_mat.uasset" 180
"../../../hackathon/Content/Done/Axe/1Axe.uasset" 181
"../../../hackathon/Content/Done/Axe/1_AXE_BP.uasset" 182
"../../../hackathon/Content/Done/Cactus/green2.uasset" 183
"../../../hackathon/Content/Done/Cactus/green2_Mat.uasset" 184
"../../../hackathon/Content/Tractor/traktor-eu-red.uasset" 185
"../../../hackathon/Content/Done/Axe/marijuanna.uasset" 186
"../../../hackathon/Content/Done/Axe/marijuanna_BP.uasset" 187
"../../../hackathon/Content/Done/BlowTorch/Mtl10Mat.uasset" 188
"../../../hackathon/Content/Done/Cactus/cactus.uasset" 189
"../../../hackathon/Content/Done/Cactus/Cactus_BP.uasset" 190
"../../../hackathon/Content/Done/Cactus/green.uasset" 191
"../../../hackathon/Content/Done/Cactus/green_Mat.uasset" 192
"../../../hackathon/Content/Done/Wheat/WheatTEX.uasset" 193
"../../../hackathon/Content/Done/Wheat/WheatTEX_Mat.uasset" 194
"../../../hackathon/Content/Done/Wheat/wheat.uasset" 195
"../../../hackathon/Content/Done/Wheat/wheat_bp.uasset" 196
"../../../hackathon/Content/Geometry/Meshes/CubeMaterial.uasset" 197
"../../../hackathon/Content/Geometry/Meshes/1M_Cube_Chamfer.uasset" 198
"../../../hackathon/Content/Geometry/Meshes/TemplateFloor.uasset" 199
"../../../hackathon/Content/Tractor/traktor-eu-fl-glass.uasset" 200
"../../../hackathon/Content/Machine1_grain_reaper_turbosquid/brownlow_g_grain_reaper_turbosquid.uasset" 201
"../../../hackathon/Content/Machine1_grain_reaper_turbosquid/brownlow_g_grain_reaper_turbosquid_BP.uasset" 202
"../../../hackathon/Content/rain/T_Caustics.uasset" 203
"../../../hackathon/Content/rain/T_Cubemap_01.uasset" 204
"../../../hackathon/Content/rain/T_raindrop.uasset" 205
"../../../hackathon/Content/rain/T_raindrop_normal.uasset" 206
"../../../hackathon/Content/rain/TilingNoise06_N.uasset" 207
"../../../hackathon/Content/rain/M_raindrop.uasset" 208
"../../../hackathon/Content/rain/P_GPU_particles_collision2.uasset" 209
"../../../hackathon/Content/rain/P_GPU_particles_collision3.uasset" 210
"../../../hackathon/Content/spiga/4096x2304-meat-brown-solid-color-background.uasset" 211
"../../../hackathon/Content/spiga/Material__4882.uasset" 212
"../../../hackathon/Content/spiga/grass_weed14.uasset" 213
"../../../hackathon/Content/spiga/grass_weed14_weed15.uasset" 214
"../../../hackathon/Content/spiga/grass_weed14_weed16.uasset" 215
"../../../hackathon/Content/spiga/grass_weed14_weed17.uasset" 216
"../../../hackathon/Content/spiga/grass_weed14_weed18.uasset" 217
"../../../hackathon/Content/spiga/grass_weed14_weed19.uasset" 218
"../../../hackathon/Content/spiga/grass_weed14_weed20.uasset" 219
"../../../hackathon/Content/spiga/grass_weed14_weed21.uasset" 220
"../../../hackathon/Content/spiga/grass2.uasset" 221
"../../../hackathon/Content/StarterContent/Materials/M_Basic_Wall.uasset" 222
"../../../hackathon/Content/StarterContent/Architecture/Pillar_50x500.uasset" 223
"../../../hackathon/Content/StarterContent/Architecture/Wall_400x300.uasset" 224
"../../../hackathon/Content/StarterContent/Architecture/Wall_400x400.uasset" 225
"../../../hackathon/Content/StarterContent/Architecture/Wall_500x500.uasset" 226
"../../../hackathon/Content/StarterContent/Architecture/Wall_Door_400x400.uasset" 227
"../../../hackathon/Content/StarterContent/Architecture/Wall_Window_400x400.uasset" 228
"../../../hackathon/Content/StarterContent/Audio/Light01_Cue.uasset" 229
"../../../hackathon/Content/StarterContent/Audio/Light02_Cue.uasset" 230
"../../../hackathon/Content/StarterContent/Audio/Explosion_Cue.uasset" 231
"../../../hackathon/Content/StarterContent/Textures/T_Burst_M.uasset" 232
"../../../hackathon/Content/StarterContent/Particles/Materials/M_Burst.uasset" 233
"../../../hackathon/Content/StarterContent/Textures/T_Explosion_SubUV.uasset" 234
"../../../hackathon/Content/StarterContent/Particles/Materials/M_explosion_subUV.uasset" 235
"../../../hackathon/Content/StarterContent/Particles/Materials/m_flare_01.uasset" 236
"../../../hackathon/Content/StarterContent/Particles/Materials/M_radial_ramp.uasset" 237
"../../../hackathon/Content/StarterContent/Textures/T_Smoke_SubUV.uasset" 238
"../../../hackathon/Content/StarterContent/Textures/T_Smoke_Tiled_D.uasset" 239
"../../../hackathon/Content/StarterContent/Particles/Materials/M_smoke_subUV.uasset" 240
"../../../hackathon/Content/StarterContent/Particles/P_Explosion.uasset" 241
"../../../hackathon/Content/StarterContent/Blueprints/Blueprint_Effect_Explosion.uasset" 242
"../../../hackathon/Content/StarterContent/Textures/T_Bush_D.uasset" 243
"../../../hackathon/Content/StarterContent/Textures/T_Bush_N.uasset" 244
"../../../hackathon/Content/StarterContent/Props/Materials/M_Bush.uasset" 245
"../../../hackathon/Content/StarterContent/Props/SM_Bush.uasset" 246
"../../../hackathon/Content/StarterContent/Textures/T_Chair_M.uasset" 247
"../../../hackathon/Content/StarterContent/Textures/T_Chair_N.uasset" 248
"../../../hackathon/Content/StarterContent/Props/Materials/M_Chair.uasset" 249
"../../../hackathon/Content/StarterContent/Props/SM_Couch.uasset" 250
"../../../hackathon/Content/StarterContent/Materials/M_Glass.uasset" 251
"../../../hackathon/Content/StarterContent/Textures/T_Door_M.uasset" 252
"../../../hackathon/Content/StarterContent/Textures/T_Door_N.uasset" 253
"../../../hackathon/Content/StarterContent/Props/Materials/M_Door.uasset" 254
"../../../hackathon/Content/StarterContent/Props/SM_Door.uasset" 255
"../../../hackathon/Content/StarterContent/Props/Materials/M_MaterialSphere.uasset" 256
"../../../hackathon/Content/StarterContent/Props/Materials/M_MaterialSphere_Plain.uasset" 257
"../../../hackathon/Content/StarterContent/Props/SM_MatPreviewMesh_02.uasset" 258
"../../../Engine/Content/Functions/Engine_MaterialFunctions02/Utility/BlendAngleCorrectedNormals.uasset" 259
"../../../hackathon/Content/StarterContent/Textures/T_Detail_Rocky_N.uasset" 260
"../../../hackathon/Content/StarterContent/Textures/T_Rock_Basalt_D.uasset" 261
"../../../hackathon/Content/StarterContent/Textures/T_RockMesh_M.uasset" 262
"../../../hackathon/Content/StarterContent/Textures/T_RockMesh_N.uasset" 263
"../../../hackathon/Content/StarterContent/Props/Materials/M_Rock.uasset" 264
"../../../hackathon/Content/StarterContent/Props/SM_Rock.uasset" 265
"../../../hackathon/Content/StarterContent/Textures/T_Shelf_M.uasset" 266
"../../../hackathon/Content/StarterContent/Textures/T_Shelf_N.uasset" 267
"../../../hackathon/Content/StarterContent/Props/Materials/M_Shelf.uasset" 268
"../../../hackathon/Content/StarterContent/Props/SM_Shelf.uasset" 269
"../../../hackathon/Content/StarterContent/Materials/M_Basic_Floor.uasset" 270
"../../../hackathon/Content/StarterContent/Props/SM_Stairs.uasset" 271
"../../../hackathon/Content/StarterContent/Shapes/Shape_Cone.uasset" 272
"../../../hackathon/Content/StarterContent/Shapes/Shape_Cylinder.uasset" 273
"../../../hackathon/Content/StarterContent/Shapes/Shape_NarrowCapsule.uasset" 274
"../../../hackathon/Content/StarterContent/Shapes/Shape_Pipe.uasset" 275
"../../../hackathon/Content/StarterContent/Shapes/Shape_Pipe_180.uasset" 276
"../../../hackathon/Content/StarterContent/Shapes/Shape_Pipe_90.uasset" 277
"../../../hackathon/Content/StarterContent/Shapes/Shape_Plane.uasset" 278
"../../../hackathon/Content/StarterContent/Shapes/Shape_Torus.uasset" 279
"../../../hackathon/Content/StarterContent/Shapes/Shape_Trim.uasset" 280
"../../../hackathon/Content/StarterContent/Shapes/Shape_Trim_90_In.uasset" 281
"../../../hackathon/Content/StarterContent/Shapes/Shape_Trim_90_Out.uasset" 282
"../../../hackathon/Content/StarterContent/Shapes/Shape_TriPyramid.uasset" 283
"../../../hackathon/Content/StarterContent/Shapes/Shape_Tube.uasset" 284
"../../../hackathon/Content/StarterContent/Shapes/Shape_Wedge_A.uasset" 285
"../../../hackathon/Content/StarterContent/Shapes/Shape_Wedge_B.uasset" 286
"../../../hackathon/Content/StarterContent/Shapes/Shape_WideCapsule.uasset" 287
"../../../hackathon/Content/VirtualReality/Materials/M_BaseMaterial.uasset" 288
"../../../hackathon/Content/VirtualReality/Materials/MI_SmallCubes.uasset" 289
"../../../hackathon/Content/Geometry/Meshes/1M_Cube.uasset" 290
"../../../hackathon/Content/VirtualRealityBP/Blueprints/BP_PickupCube.uasset" 291
"../../../hackathon/Content/VirtualRealityBP/Blueprints/corn.uasset" 292
"../../../hackathon/Content/VirtualRealityBP/Blueprints/Material__26.uasset" 293
"../../../hackathon/Content/VirtualRealityBP/Blueprints/Material__27.uasset" 294
"../../../hackathon/Content/VirtualRealityBP/Blueprints/Sandbag_11.uasset" 295
"../../../hackathon/Content/wheat3/wheat.uasset" 296
"../../../hackathon/Content/wheat3/ffwheat_lvs_38.uasset" 297
"../../../hackathon/Content/wheat3/leaves2.uasset" 298
"../../../hackathon/Content/wheat3/ffwheat_stm_38.uasset" 299
"../../../hackathon/Content/wheat3/ffwheat.uasset" 300
"../../../hackathon/Content/wood/Floor.uasset" 301
"../../../hackathon/Content/wood/Wood_Floor.uasset" 302
"../../../hackathon/Content/wood/Wood.uasset" 303
"../../../hackathon/Content/wood/WoodCut.uasset" 304
"../../../hackathon/Content/wood/Wood_Wood.uasset" 305
"../../../hackathon/Content/wood/Wood_Wood_001.uasset" 306
"../../../hackathon/Content/wood/Wood_Wood_002.uasset" 307
"../../../hackathon/Content/wood/Wood_Wood_003.uasset" 308
"../../../hackathon/Content/wood/Wood_Wood_004.uasset" 309
"../../../Engine/Plugins/2D/Paper2D/Content/DummySprite.uasset" 310
"../../../Engine/Plugins/2D/Paper2D/Content/DefaultPaperTerrainMaterial.uasset" 311
"../../../Engine/Plugins/2D/Paper2D/Content/DefaultSpriteMaterial.uasset" 312
"../../../Engine/Plugins/2D/Paper2D/Content/MaskedUnlitSpriteMaterial.uasset" 313
"../../../Engine/Plugins/2D/Paper2D/Content/OpaqueUnlitSpriteMaterial.uasset" 314
"../../../Engine/Plugins/2D/Paper2D/Content/PlaceholderTextures/DummySpriteTexture.uasset" 315
"../../../hackathon/Content/StarterContent/Audio/Fire01_Cue.uasset" 316
"../../../hackathon/Content/StarterContent/Textures/T_Fire_SubUV.uasset" 317
"../../../hackathon/Content/StarterContent/Textures/T_Fire_Tiled_D.uasset" 318
"../../../hackathon/Content/StarterContent/Particles/Materials/M_Fire_SubUV.uasset" 319
"../../../hackathon/Content/StarterContent/Textures/T_Water_N.uasset" 320
"../../../hackathon/Content/StarterContent/Particles/Materials/M_Heat_Distortion.uasset" 321
"../../../hackathon/Content/StarterContent/Particles/Materials/M_Radial_Gradient.uasset" 322
"../../../hackathon/Content/StarterContent/Particles/P_Fire.uasset" 323
"../../../hackathon/Content/StarterContent/Blueprints/Blueprint_Effect_Fire.uasset" 324
"../../../hackathon/Content/StarterContent/Audio/Smoke01_Cue.uasset" 325
"../../../hackathon/Content/StarterContent/Particles/P_Smoke.uasset" 326
"../../../hackathon/Content/StarterContent/Blueprints/Blueprint_Effect_Smoke.uasset" 327
"../../../hackathon/Content/StarterContent/Audio/Fire_Sparks01_Cue.uasset" 328
"../../../hackathon/Content/StarterContent/Textures/T_Spark_Core.uasset" 329
"../../../hackathon/Content/StarterContent/Particles/Materials/M_Spark.uasset" 330
"../../../hackathon/Content/StarterContent/Particles/P_Sparks.uasset" 331
"../../../hackathon/Content/StarterContent/Blueprints/Blueprint_Effect_Sparks.uasset" 332
"../../../hackathon/Content/StarterContent/Audio/Steam01_Cue.uasset" 333
"../../../hackathon/Content/StarterContent/Particles/P_Steam_Lit.uasset" 334
"../../../hackathon/Content/StarterContent/Blueprints/Blueprint_Effect_Steam.uasset" 335
"../../../Engine/Content/EditorBlueprintResources/StandardMacros.uasset" 336
"../../../Engine/Content/EngineSky/C_Sky_Cloud_Color.uasset" 337
"../../../Engine/Content/EngineSky/C_Sky_Horizon_Color.uasset" 338
"../../../Engine/Content/EngineSky/C_Sky_Zenith_Color.uasset" 339
"../../../Engine/Content/EngineSky/T_Sky_Blue.uasset" 340
"../../../Engine/Content/EngineSky/T_Sky_Clouds_M.uasset" 341
"../../../Engine/Content/EngineSky/T_Sky_Stars.uasset" 342
"../../../Engine/Content/EngineSky/M_Sky_Panning_Clouds2.uasset" 343
"../../../Engine/Content/EngineSky/SM_SkySphere.uasset" 344
"../../../Engine/Content/EngineSky/BP_Sky_Sphere.uasset" 345
"../../../hackathon/Content/StarterContent/Textures/T_Lamp_M.uasset" 346
"../../../hackathon/Content/StarterContent/Textures/T_Lamp_N.uasset" 347
"../../../hackathon/Content/StarterContent/Props/Materials/M_Lamp.uasset" 348
"../../../hackathon/Content/StarterContent/Props/SM_Lamp_Ceiling.uasset" 349
"../../../hackathon/Content/StarterContent/Blueprints/Blueprint_CeilingLight.uasset" 350
"../../../hackathon/Content/StarterContent/Props/SM_Lamp_Wall.uasset" 351
"../../../hackathon/Content/StarterContent/Blueprints/Blueprint_WallSconce.uasset" 352
"../../../hackathon/Content/StarterContent/Maps/StarterMap_BuiltData.uasset" 353
"../../../Engine/Content/Functions/Engine_MaterialFunctions03/Procedurals/ComputeFilterWidth.uasset" 354
"../../../Engine/Content/EngineMaterials/AntiAliasedTextMaterialTranslucent.uasset" 355
"../../../hackathon/Content/StarterContent/Textures/T_Brick_Clay_Beveled_D.uasset" 356
"../../../hackathon/Content/StarterContent/Textures/T_Brick_Clay_Beveled_M.uasset" 357
"../../../hackathon/Content/StarterContent/Textures/T_Brick_Clay_Beveled_N.uasset" 358
"../../../hackathon/Content/StarterContent/Textures/T_MacroVariation.uasset" 359
"../../../hackathon/Content/StarterContent/Materials/M_Brick_Clay_Beveled.uasset" 360
"../../../hackathon/Content/StarterContent/Textures/T_Brick_Clay_New_D.uasset" 361
"../../../hackathon/Content/StarterContent/Textures/T_Brick_Clay_New_M.uasset" 362
"../../../hackathon/Content/StarterContent/Textures/T_Brick_Clay_New_N.uasset" 363
"../../../hackathon/Content/StarterContent/Materials/M_Brick_Clay_New.uasset" 364
"../../../hackathon/Content/StarterContent/Textures/T_Brick_Clay_Old_D.uasset" 365
"../../../hackathon/Content/StarterContent/Textures/T_Brick_Clay_Old_N.uasset" 366
"../../../hackathon/Content/StarterContent/Textures/T_Perlin_Noise_M.uasset" 367
"../../../hackathon/Content/StarterContent/Materials/M_Brick_Clay_Old.uasset" 368
"../../../hackathon/Content/StarterContent/Textures/T_Brick_Cut_Stone_D.uasset" 369
"../../../hackathon/Content/StarterContent/Textures/T_Brick_Cut_Stone_N.uasset" 370
"../../../hackathon/Content/StarterContent/Materials/M_Brick_Cut_Stone.uasset" 371
"../../../hackathon/Content/StarterContent/Textures/T_Brick_Hewn_Stone_D.uasset" 372
"../../../hackathon/Content/StarterContent/Textures/T_Brick_Hewn_Stone_M.uasset" 373
"../../../hackathon/Content/StarterContent/Textures/T_Brick_Hewn_Stone_N.uasset" 374
"../../../hackathon/Content/StarterContent/Materials/M_Brick_Hewn_Stone.uasset" 375
"../../../hackathon/Content/StarterContent/Textures/T_Ceramic_Tile_M.uasset" 376
"../../../hackathon/Content/StarterContent/Textures/T_Ceramic_Tile_N.uasset" 377
"../../../hackathon/Content/StarterContent/Textures/T_Rock_Marble_Polished_D.uasset" 378
"../../../hackathon/Content/StarterContent/Materials/M_Ceramic_Tile_Checker.uasset" 379
"../../../hackathon/Content/StarterContent/Textures/T_CobbleStone_Pebble_D.uasset" 380
"../../../hackathon/Content/StarterContent/Textures/T_CobbleStone_Pebble_M.uasset" 381
"../../../hackathon/Content/StarterContent/Textures/T_CobbleStone_Pebble_N.uasset" 382
"../../../hackathon/Content/StarterContent/Materials/M_CobbleStone_Pebble.uasset" 383
"../../../hackathon/Content/StarterContent/Textures/T_CobbleStone_Rough_D.uasset" 384
"../../../hackathon/Content/StarterContent/Textures/T_CobbleStone_Rough_N.uasset" 385
"../../../hackathon/Content/StarterContent/Textures/T_Gradinet_01.uasset" 386
"../../../hackathon/Content/StarterContent/Textures/T_Rock_Smooth_Granite_D.uasset" 387
"../../../hackathon/Content/StarterContent/Materials/M_CobbleStone_Rough.uasset" 388
"../../../hackathon/Content/StarterContent/Textures/T_CobbleStone_Smooth_D.uasset" 389
"../../../hackathon/Content/StarterContent/Textures/T_CobbleStone_Smooth_M.uasset" 390
"../../../hackathon/Content/StarterContent/Textures/T_CobbleStone_Smooth_N.uasset" 391
"../../../hackathon/Content/StarterContent/Materials/M_CobbleStone_Smooth.uasset" 392
"../../../hackathon/Content/StarterContent/Textures/T_Concrete_Grime_D.uasset" 393
"../../../hackathon/Content/StarterContent/Textures/T_Metal_Rust_N.uasset" 394
"../../../hackathon/Content/StarterContent/Materials/M_Concrete_Grime.uasset" 395
"../../../hackathon/Content/StarterContent/Textures/T_Concrete_Panels_D.uasset" 396
"../../../hackathon/Content/StarterContent/Textures/T_Concrete_Panels_N.uasset" 397
"../../../hackathon/Content/StarterContent/Materials/M_Concrete_Panels.uasset" 398
"../../../hackathon/Content/StarterContent/Textures/T_Concrete_Poured_D.uasset" 399
"../../../hackathon/Content/StarterContent/Textures/T_Concrete_Poured_N.uasset" 400
"../../../hackathon/Content/StarterContent/Materials/M_Concrete_Poured.uasset" 401
"../../../hackathon/Content/StarterContent/Textures/T_Concrete_Tiles_D.uasset" 402
"../../../hackathon/Content/StarterContent/Textures/T_Concrete_Tiles_M.uasset" 403
"../../../hackathon/Content/StarterContent/Textures/T_Concrete_Tiles_N.uasset" 404
"../../../hackathon/Content/StarterContent/Textures/T_Concrete_Tiles_Variation_M.uasset" 405
"../../../hackathon/Content/StarterContent/Materials/M_Concrete_Tiles.uasset" 406
"../../../hackathon/Content/StarterContent/Textures/T_Ground_Grass_D.uasset" 407
"../../../hackathon/Content/StarterContent/Textures/T_Ground_Grass_N.uasset" 408
"../../../hackathon/Content/StarterContent/Materials/M_Ground_Grass.uasset" 409
"../../../hackathon/Content/StarterContent/Textures/T_Ground_Gravel_D.uasset" 410
"../../../hackathon/Content/StarterContent/Textures/T_Ground_Gravel_N.uasset" 411
"../../../hackathon/Content/StarterContent/Materials/M_Ground_Gravel.uasset" 412
"../../../hackathon/Content/StarterContent/Textures/T_ground_Moss_D.uasset" 413
"../../../hackathon/Content/StarterContent/Textures/T_Ground_Moss_N.uasset" 414
"../../../hackathon/Content/StarterContent/Materials/M_Ground_Moss.uasset" 415
"../../../hackathon/Content/StarterContent/Materials/M_Metal_Brushed_Nickel.uasset" 416
"../../../hackathon/Content/StarterContent/Textures/T_Metal_Aluminum_D.uasset" 417
"../../../hackathon/Content/StarterContent/Textures/T_Metal_Gold_N.uasset" 418
"../../../hackathon/Content/StarterContent/Materials/M_Metal_Burnished_Steel.uasset" 419
"../../../hackathon/Content/StarterContent/Materials/M_Metal_Chrome.uasset" 420
"../../../hackathon/Content/StarterContent/Textures/T_Metal_Copper_D.uasset" 421
"../../../hackathon/Content/StarterContent/Materials/M_Metal_Copper.uasset" 422
"../../../hackathon/Content/StarterContent/Textures/T_Metal_Gold_D.uasset" 423
"../../../hackathon/Content/StarterContent/Materials/M_Metal_Gold.uasset" 424
"../../../hackathon/Content/StarterContent/Textures/T_Metal_Rust_D.uasset" 425
"../../../hackathon/Content/StarterContent/Materials/M_Metal_Rust.uasset" 426
"../../../hackathon/Content/StarterContent/Textures/T_Metal_Steel_D.uasset" 427
"../../../hackathon/Content/StarterContent/Textures/T_Metal_Steel_N.uasset" 428
"../../../hackathon/Content/StarterContent/Materials/M_Metal_Steel.uasset" 429
"../../../hackathon/Content/StarterContent/Textures/T_Rock_Basalt_N.uasset" 430
"../../../hackathon/Content/StarterContent/Materials/M_Rock_Basalt.uasset" 431
"../../../hackathon/Content/StarterContent/Materials/M_Rock_Marble_Polished.uasset" 432
"../../../hackathon/Content/StarterContent/Textures/T_Rock_Sandstone_D.uasset" 433
"../../../hackathon/Content/StarterContent/Textures/T_Rock_Sandstone_N.uasset" 434
"../../../hackathon/Content/StarterContent/Materials/M_Rock_Sandstone.uasset" 435
"../../../hackathon/Content/StarterContent/Textures/T_Rock_Slate_D.uasset" 436
"../../../hackathon/Content/StarterContent/Textures/T_Rock_Slate_N.uasset" 437
"../../../hackathon/Content/StarterContent/Materials/M_Rock_Slate.uasset" 438
"../../../hackathon/Content/StarterContent/Textures/T_Checker_Noise_M.uasset" 439
"../../../hackathon/Content/StarterContent/Textures/T_Single_Tile_N.uasset" 440
"../../../hackathon/Content/StarterContent/Textures/T_Tech_Dot_M.uasset" 441
"../../../hackathon/Content/StarterContent/Textures/T_Tech_Dot_N.uasset" 442
"../../../hackathon/Content/StarterContent/Materials/M_Tech_Checker_Dot.uasset" 443
"../../../hackathon/Content/StarterContent/Textures/T_Tech_Hex_Tile_M.uasset" 444
"../../../hackathon/Content/StarterContent/Textures/T_Tech_Hex_Tile_N.uasset" 445
"../../../hackathon/Content/StarterContent/Materials/M_Tech_Hex_Tile.uasset" 446
"../../../hackathon/Content/StarterContent/Materials/M_Tech_Hex_Tile_Pulse.uasset" 447
"../../../hackathon/Content/StarterContent/Textures/T_Tech_Panel_M.uasset" 448
"../../../hackathon/Content/StarterContent/Textures/T_Tech_Panel_N.uasset" 449
"../../../hackathon/Content/StarterContent/Materials/M_Tech_Panel.uasset" 450
"../../../hackathon/Content/StarterContent/Materials/M_Water_Lake.uasset" 451
"../../../hackathon/Content/StarterContent/Textures/T_Water_M.uasset" 452
"../../../hackathon/Content/StarterContent/Materials/M_Water_Ocean.uasset" 453
"../../../hackathon/Content/StarterContent/Textures/T_Wood_Floor_Walnut_D.uasset" 454
"../../../hackathon/Content/StarterContent/Textures/T_Wood_Floor_Walnut_M.uasset" 455
"../../../hackathon/Content/StarterContent/Textures/T_Wood_Floor_Walnut_N.uasset" 456
"../../../hackathon/Content/StarterContent/Materials/M_Wood_Floor_Walnut_Polished.uasset" 457
"../../../Engine/Content/Functions/Engine_MaterialFunctions01/Opacity/AlphaOffset.uasset" 458
"../../../hackathon/Content/StarterContent/Materials/M_Wood_Floor_Walnut_Worn.uasset" 459
"../../../hackathon/Content/StarterContent/Textures/T_Wood_Oak_D.uasset" 460
"../../../hackathon/Content/StarterContent/Textures/T_Wood_Oak_N.uasset" 461
"../../../hackathon/Content/StarterContent/Materials/M_Wood_Oak.uasset" 462
"../../../hackathon/Content/StarterContent/Textures/T_Wood_Pine_D.uasset" 463
"../../../hackathon/Content/StarterContent/Textures/T_Wood_Pine_N.uasset" 464
"../../../hackathon/Content/StarterContent/Materials/M_Wood_Pine.uasset" 465
"../../../hackathon/Content/StarterContent/Textures/T_Wood_Walnut_D.uasset" 466
"../../../hackathon/Content/StarterContent/Textures/T_Wood_Walnut_N.uasset" 467
"../../../hackathon/Content/StarterContent/Materials/M_Wood_Walnut.uasset" 468
"../../../hackathon/Content/StarterContent/Architecture/Floor_400x400.uasset" 469
"../../../hackathon/Content/StarterContent/Architecture/Wall_400x200.uasset" 470
"../../../hackathon/Content/StarterContent/Architecture/Wall_Door_400x300.uasset" 471
"../../../hackathon/Content/StarterContent/Architecture/Wall_Window_400x300.uasset" 472
"../../../hackathon/Content/StarterContent/Audio/Collapse_Cue.uasset" 473
"../../../hackathon/Content/StarterContent/Audio/Starter_Background_Cue.uasset" 474
"../../../hackathon/Content/StarterContent/Audio/Starter_Music_Cue.uasset" 475
"../../../hackathon/Content/StarterContent/Textures/T_Dust_Particle_D.uasset" 476
"../../../hackathon/Content/StarterContent/Particles/Materials/M_Dust_Particle.uasset" 477
"../../../hackathon/Content/StarterContent/Particles/P_Ambient_Dust.uasset" 478
"../../../hackathon/Content/StarterContent/Props/MaterialSphere.uasset" 479
"../../../hackathon/Content/StarterContent/Props/SM_Chair.uasset" 480
"../../../hackathon/Content/StarterContent/Textures/T_Frame_M.uasset" 481
"../../../hackathon/Content/StarterContent/Textures/T_Frame_N.uasset" 482
"../../../hackathon/Content/StarterContent/Props/Materials/M_Frame.uasset" 483
"../../../hackathon/Content/StarterContent/Props/SM_CornerFrame.uasset" 484
"../../../hackathon/Content/StarterContent/Props/SM_DoorFrame.uasset" 485
"../../../hackathon/Content/StarterContent/Props/SM_GlassWindow.uasset" 486
"../../../hackathon/Content/StarterContent/Props/SM_PillarFrame.uasset" 487
"../../../hackathon/Content/StarterContent/Props/SM_PillarFrame300.uasset" 488
"../../../hackathon/Content/StarterContent/Textures/T_Statue_M.uasset" 489
"../../../hackathon/Content/StarterContent/Textures/T_Statue_N.uasset" 490
"../../../hackathon/Content/StarterContent/Props/Materials/M_Statue.uasset" 491
"../../../hackathon/Content/StarterContent/Props/Materials/M_StatueGlass.uasset" 492
"../../../hackathon/Content/StarterContent/Props/SM_Statue.uasset" 493
"../../../hackathon/Content/StarterContent/Textures/T_TableRound_M.uasset" 494
"../../../hackathon/Content/StarterContent/Textures/T_TableRound_N.uasset" 495
"../../../hackathon/Content/StarterContent/Props/Materials/M_TableRound.uasset" 496
"../../../hackathon/Content/StarterContent/Props/SM_TableRound.uasset" 497
"../../../hackathon/Content/StarterContent/Props/SM_WindowFrame.uasset" 498
"../../../hackathon/Content/StarterContent/Shapes/Shape_Cube.uasset" 499
"../../../hackathon/Content/StarterContent/Shapes/Shape_QuadPyramid.uasset" 500
"../../../hackathon/Content/StarterContent/Shapes/Shape_Sphere.uasset" 501
"../../../hackathon/Content/StarterContent/Maps/StarterMap.umap" 502
"../../../Engine/Content/BasicShapes/BasicShapeMaterial.uasset" 503
"../../../hackathon/Content/thresher/Material__40.uasset" 504
"../../../Engine/Content/BasicShapes/Cube.uasset" 505
"../../../hackathon/Content/thresher/sound/thresher_machine_Cue.uasset" 506
"../../../hackathon/Content/thresher/Material__35.uasset" 507
"../../../hackathon/Content/thresher/thresher1_Boss-Extrude13.uasset" 508
"../../../hackathon/Content/thresher/Material__37.uasset" 509
"../../../hackathon/Content/thresher/thresher1_Boss-Extrude3.uasset" 510
"../../../hackathon/Content/thresher/Material__36.uasset" 511
"../../../hackathon/Content/thresher/thresher1_Boss-Extrude6.uasset" 512
"../../../hackathon/Content/thresher/thresher1_Cut-Extrude1.uasset" 513
"../../../hackathon/Content/thresher/thresher1_Cut-Extrude3.uasset" 514
"../../../hackathon/Content/thresher/Material__38.uasset" 515
"../../../hackathon/Content/thresher/thresher1_Cut-Extrude33.uasset" 516
"../../../hackathon/Content/thresher/thresher1_Cut-Extrude3_1.uasset" 517
"../../../hackathon/Content/thresher/Material__39.uasset" 518
"../../../hackathon/Content/thresher/thresher1_Extrude-Thin1.uasset" 519
"../../../hackathon/Content/thresher/thresher1_Fillet2.uasset" 520
"../../../hackathon/Content/thresher/thresher1_Fillet5.uasset" 521
"../../../hackathon/Content/thresher/thresher.uasset" 522
"../../../hackathon/Content/button/Material__25.uasset" 523
"../../../hackathon/Content/button/final_button_Fillet1.uasset" 524
"../../../hackathon/Content/button/Material__26.uasset" 525
"../../../hackathon/Content/button/final_button_Fillet2.uasset" 526
"../../../hackathon/Content/button/button1.uasset" 527
"../../../hackathon/Content/Tractor/Material__25.uasset" 528
"../../../hackathon/Content/Tractor/Material__26.uasset" 529
"../../../hackathon/Content/Tractor/Material__27.uasset" 530
"../../../hackathon/Content/Tractor/3_Tractor_Cultivator.uasset" 531
"../../../hackathon/Content/Tractor/traktor-eu-alu.uasset" 532
"../../../hackathon/Content/Tractor/traktor-eu-elem.uasset" 533
"../../../hackathon/Content/Tractor/traktor-eu-tire.uasset" 534
"../../../hackathon/Content/Tractor/3_Tractor_Non_subD_3.uasset" 535
"../../../hackathon/Content/Tractor/traktor-eu-bottom-dark.uasset" 536
"../../../hackathon/Content/Tractor/traktor-eu-bottom.uasset" 537
"../../../hackathon/Content/Tractor/traktor-eu-chrome.uasset" 538
"../../../hackathon/Content/Tractor/traktor-eu-fl-bulb.uasset" 539
"../../../hackathon/Content/Tractor/traktor-eu-fl-mirror.uasset" 540
"../../../hackathon/Content/Tractor/traktor-eu-glass.uasset" 541
"../../../hackathon/Content/Tractor/traktor-eu-inside.uasset" 542
"../../../hackathon/Content/Tractor/traktor-eu-main-body.uasset" 543
"../../../hackathon/Content/Tractor/traktor-eu-red2.uasset" 544
"../../../hackathon/Content/Tractor/traktor-eu-shields.uasset" 545
"../../../hackathon/Content/Tractor/3_Tractor_subD.uasset" 546
"../../../hackathon/Content/Tractor/3_Tractor_subDx.uasset" 547
"../../../hackathon/Content/Tractor/Tractor.uasset" 548
"../../../hackathon/Content/spiga/grass.uasset" 549
"../../../hackathon/Content/spiga/yellow.uasset" 550
"../../../hackathon/Content/spiga/NewMaterial.uasset" 551
"../../../Engine/Content/MapTemplates/SM_Template_Map_Floor.uasset" 552
"../../../hackathon/Content/NewMap.umap" 553
"../../../hackathon/Content/thresher.umap" 554
"../../../hackathon/Content/StarterContent/Blueprints/Assets/FogBrightnessLUT.uasset" 555
"../../../hackathon/Content/StarterContent/Blueprints/Assets/SunlightColorLUT.uasset" 556
"../../../hackathon/Content/StarterContent/Blueprints/Assets/M_LightStage_Arrows.uasset" 557
"../../../Engine/Content/MapTemplates/Sky/DaylightAmbientCubemap.uasset" 558
"../../../hackathon/Content/StarterContent/Blueprints/Assets/M_LightStage_Skybox_Master.uasset" 559
"../../../hackathon/Content/StarterContent/Blueprints/Assets/M_LightStage_Skybox_Black.uasset" 560
"../../../hackathon/Content/StarterContent/Blueprints/Assets/M_LightStage_Skybox_HDRI.uasset" 561
"../../../Engine/Content/EditorMaterials/Thumbnails/SkySphereMaterial.uasset" 562
"../../../hackathon/Content/StarterContent/Blueprints/Assets/Skybox.uasset" 563
"../../../hackathon/Content/StarterContent/Blueprints/Assets/SM_Arrows.uasset" 564
"../../../hackathon/Content/StarterContent/HDRI/HDRI_Epic_Courtyard_Daylight.uasset" 565
"../../../hackathon/Content/StarterContent/Blueprints/BP_LightStudio.uasset" 566
"../../../hackathon/Content/StarterContent/Maps/Advanced_Lighting_BuiltData.uasset" 567
"../../../hackathon/Content/StarterContent/Materials/M_AssetPlatform.uasset" 568
"../../../Engine/Content/EditorMeshes/ColorCalibrator/M_ChromeBall.uasset" 569
"../../../Engine/Content/EditorMeshes/ColorCalibrator/M_ClearCoat.uasset" 570
"../../../Engine/Content/EditorMeshes/ColorCalibrator/M_ClearCoatBlack.uasset" 571
"../../../Engine/Content/EditorMeshes/ColorCalibrator/T_ColorGrid.uasset" 572
"../../../Engine/Content/EditorMeshes/ColorCalibrator/M_ColorGrid.uasset" 573
"../../../Engine/Content/EditorMeshes/ColorCalibrator/M_GreyBall.uasset" 574
"../../../Engine/Content/EditorMeshes/ColorCalibrator/SM_ColorCalibrator.uasset" 575
"../../../hackathon/Content/StarterContent/Architecture/SM_AssetPlatform.uasset" 576
"../../../hackathon/Content/StarterContent/Maps/Advanced_Lighting.umap" 577
"../../../hackathon/Content/StarterContent/Maps/Minimal_Default_BuiltData.uasset" 578
"../../../hackathon/Content/StarterContent/Maps/Minimal_Default.umap" 579
"../../../Engine/Content/Maps/Entry.umap" 580
"../../../hackathon/Content/Textures/Dark-Wood-Texture-520x339.uasset" 581
"../../../hackathon/Content/Textures/Dark-Wood-Texture-520x339_Mat.uasset" 582
"../../../hackathon/Content/Assets/table.uasset" 583
"../../../hackathon/Content/Assets/table_bp.uasset" 584
"../../../hackathon/Content/Done/Wheat/crop_corninfo.uasset" 585
"../../../hackathon/Content/Done/Wheat/crop_corninfo_Mat.uasset" 586
"../../../Engine/Content/BasicShapes/Plane.uasset" 587
"../../../hackathon/Content/Done/Wheat/corn_board2.uasset" 588
"../../../hackathon/Content/Done/Wheat/wheat_info.uasset" 589
"../../../hackathon/Content/Done/Wheat/wheat_info_Mat.uasset" 590
"../../../hackathon/Content/Done/Wheat/wheat_board.uasset" 591
"../../../hackathon/Content/Move.uasset" 592
"../../../hackathon/Content/move_bp.uasset" 593
"../../../hackathon/Content/VirtualRealityBP/Blueprints/BP_PickupCube2.uasset" 594
"../../../hackathon/Content/VirtualRealityBP/Blueprints/BP_PickupCube3.uasset" 595
"../../../hackathon/Content/VirtualReality/Mannequin/Character/Mesh/MannequinHand_Right_Skeleton.uasset" 596
"../../../hackathon/Content/VirtualReality/Mannequin/Animations/MannequinHand_Right_CanGrab.uasset" 597
"../../../hackathon/Content/VirtualReality/Mannequin/Animations/MannequinHand_Right_Grab.uasset" 598
"../../../hackathon/Content/VirtualReality/Mannequin/Animations/MannequinHand_Right_Open.uasset" 599
"../../../hackathon/Content/VirtualReality/Mannequin/Animations/RightGrip_BS.uasset" 600
"../../../hackathon/Content/VirtualRealityBP/Blueprints/GripEnum.uasset" 601
"../../../hackathon/Content/VirtualReality/Mannequin/Animations/RightHand_AnimBP.uasset" 602
"../../../Engine/Content/Functions/Engine_MaterialFunctions01/Texturing/ScaleUVsByCenter.uasset" 603
"../../../Engine/Content/Functions/Engine_MaterialFunctions02/ScreenResolution.uasset" 604
"../../../Engine/Content/Functions/Engine_MaterialFunctions02/Texturing/ScreenAlignedUVs.uasset" 605
"../../../Engine/Content/Functions/Engine_MaterialFunctions02/Utility/CameraDirectionVector.uasset" 606
"../../../Engine/Content/Functions/Engine_MaterialFunctions02/Utility/DepthFromWorldPosition.uasset" 607
"../../../hackathon/Content/VirtualReality/Materials/MF_OccludedPixels.uasset" 608
"../../../hackathon/Content/VirtualReality/Materials/TeleportMCP.uasset" 609
"../../../Engine/Content/EngineMaterials/Good64x64TilingNoiseHighFreq.uasset" 610
"../../../hackathon/Content/VirtualReality/Materials/M_ArcEndpoint.uasset" 611
"../../../hackathon/Content/VirtualReality/Materials/M_SplineArcMat.uasset" 612
"../../../hackathon/Content/VirtualReality/Materials/M_TeleportPreviews.uasset" 613
"../../../hackathon/Content/VirtualReality/Materials/MI_ChaperoneOutline.uasset" 614
"../../../hackathon/Content/VirtualReality/Materials/MI_TeleportCylinderPreview.uasset" 615
"../../../Engine/Content/BasicShapes/Cylinder.uasset" 616
"../../../Engine/Content/BasicShapes/Sphere.uasset" 617
"../../../hackathon/Content/VirtualReality/Mannequin/Character/Textures/UE4_Mannequin__normals.uasset" 618
"../../../hackathon/Content/VirtualReality/Mannequin/Character/Textures/UE4_Mannequin_MAT_MASKA.uasset" 619
"../../../hackathon/Content/VirtualReality/Mannequin/Character/Materials/M_HandMat.uasset" 620
"../../../hackathon/Content/VirtualReality/Mannequin/Character/Mesh/MannequinHand_Right_PhysicsAsset.uasset" 621
"../../../hackathon/Content/VirtualReality/Mannequin/Character/Mesh/MannequinHand_Right.uasset" 622
"../../../hackathon/Content/VirtualReality/Meshes/1x1_cube.uasset" 623
"../../../hackathon/Content/VirtualReality/Meshes/BeaconDirection.uasset" 624
"../../../hackathon/Content/VirtualReality/Meshes/BeamMesh.uasset" 625
"../../../hackathon/Content/VirtualReality/Meshes/SM_FatCylinder.uasset" 626
"../../../hackathon/Content/VirtualRealityBP/Blueprints/BP_MotionController.uasset" 627
"../../../hackathon/Content/VirtualRealityBP/Blueprints/MotionControllerPawn.uasset" 628
"../../../hackathon/Content/floor.uasset" 629
"../../../hackathon/Content/floor_Mat.uasset" 630
"../../../hackathon/Content/Lab_Room/My_Textures/brick.uasset" 631
"../../../hackathon/Content/Lab_Room/My_Textures/brick_Mat.uasset" 632
"../../../hackathon/Content/Textures/fertilizers/yellow.uasset" 633
"../../../hackathon/Content/Textures/fertilizers/yellow_Mat.uasset" 634
"../../../hackathon/Content/VirtualRealityBP/Maps/Crops_Map.umap" 635
"../../../hackathon/Content/Done/BlowTorch/MtlMat.uasset" 636
"../../../hackathon/Content/Done/BlowTorch/BlowTorch_1_Mtl.uasset" 637
"../../../hackathon/Content/VirtualReality/Materials/GenericHMDMaterial.uasset" 638
"../../../hackathon/Content/Done/BlowTorch/BlowTorch_1_Mtl10.uasset" 639
"../../../hackathon/Content/Done/BlowTorch/Mtl12Mat.uasset" 640
"../../../hackathon/Content/Done/BlowTorch/BlowTorch_1_Mtl12.uasset" 641
"../../../hackathon/Content/Done/BlowTorch/Mtl13Mat.uasset" 642
"../../../hackathon/Content/Done/BlowTorch/BlowTorch_1_Mtl13.uasset" 643
"../../../hackathon/Content/Done/BlowTorch/Mtl15Mat.uasset" 644
"../../../hackathon/Content/Done/BlowTorch/BlowTorch_1_Mtl15.uasset" 645
"../../../hackathon/Content/Done/BlowTorch/Mtl17Mat.uasset" 646
"../../../hackathon/Content/Done/BlowTorch/BlowTorch_1_Mtl17.uasset" 647
"../../../hackathon/Content/Done/BlowTorch/MtlaMat.uasset" 648
"../../../hackathon/Content/Done/BlowTorch/BlowTorch_1_Mtla.uasset" 649
"../../../hackathon/Content/Done/BlowTorch/MtlbMat.uasset" 650
"../../../hackathon/Content/Done/BlowTorch/BlowTorch_1_Mtlb.uasset" 651
"../../../hackathon/Content/Done/BlowTorch/SteelMat.uasset" 652
"../../../hackathon/Content/Done/BlowTorch/BlowTorch_1_Steel.uasset" 653
"../../../hackathon/Content/Done/BlowTorch/Steel1Mat.uasset" 654
"../../../hackathon/Content/Done/BlowTorch/BlowTorch_1_Steel1.uasset" 655
"../../../hackathon/Content/Done/BlowTorch/Steel11Mat.uasset" 656
"../../../hackathon/Content/Done/BlowTorch/BlowTorch_1_Steel11.uasset" 657
"../../../hackathon/Content/Done/BlowTorch/Steel14Mat.uasset" 658
"../../../hackathon/Content/Done/BlowTorch/BlowTorch_1_Steel14.uasset" 659
"../../../hackathon/Content/Done/BlowTorch/Steel18Mat.uasset" 660
"../../../hackathon/Content/Done/BlowTorch/BlowTorch_1_Steel18.uasset" 661
"../../../hackathon/Content/Done/BlowTorch/Steel19Mat.uasset" 662
"../../../hackathon/Content/Done/BlowTorch/BlowTorch_1_Steel19.uasset" 663
"../../../hackathon/Content/Done/BlowTorch/Steel1aMat.uasset" 664
"../../../hackathon/Content/Done/BlowTorch/BlowTorch_1_Steel1a.uasset" 665
"../../../hackathon/Content/Done/BlowTorch/Steel1bMat.uasset" 666
"../../../hackathon/Content/Done/BlowTorch/BlowTorch_1_Steel1b.uasset" 667
"../../../hackathon/Content/Done/BlowTorch/Steel2Mat.uasset" 668
"../../../hackathon/Content/Done/BlowTorch/BlowTorch_1_Steel2.uasset" 669
"../../../hackathon/Content/Done/BlowTorch/Steel20Mat.uasset" 670
"../../../hackathon/Content/Done/BlowTorch/BlowTorch_1_Steel20.uasset" 671
"../../../hackathon/Content/Done/BlowTorch/Steel21Mat.uasset" 672
"../../../hackathon/Content/Done/BlowTorch/BlowTorch_1_Steel21.uasset" 673
"../../../hackathon/Content/Done/BlowTorch/Steel23Mat.uasset" 674
"../../../hackathon/Content/Done/BlowTorch/BlowTorch_1_Steel23.uasset" 675
"../../../hackathon/Content/Done/BlowTorch/Steel24Mat.uasset" 676
"../../../hackathon/Content/Done/BlowTorch/BlowTorch_1_Steel24.uasset" 677
"../../../hackathon/Content/Done/BlowTorch/Steel25Mat.uasset" 678
"../../../hackathon/Content/Done/BlowTorch/BlowTorch_1_Steel25.uasset" 679
"../../../hackathon/Content/Done/BlowTorch/Steel26Mat.uasset" 680
"../../../hackathon/Content/Done/BlowTorch/BlowTorch_1_Steel26.uasset" 681
"../../../hackathon/Content/Done/BlowTorch/Steel27Mat.uasset" 682
"../../../hackathon/Content/Done/BlowTorch/BlowTorch_1_Steel27.uasset" 683
"../../../hackathon/Content/Done/BlowTorch/Steel28Mat.uasset" 684
"../../../hackathon/Content/Done/BlowTorch/BlowTorch_1_Steel28.uasset" 685
"../../../hackathon/Content/Done/BlowTorch/Steel3Mat.uasset" 686
"../../../hackathon/Content/Done/BlowTorch/BlowTorch_1_Steel3.uasset" 687
"../../../hackathon/Content/Done/BlowTorch/Steel5Mat.uasset" 688
"../../../hackathon/Content/Done/BlowTorch/BlowTorch_1_Steel5.uasset" 689
"../../../hackathon/Content/Done/BlowTorch/Steel6Mat.uasset" 690
"../../../hackathon/Content/Done/BlowTorch/BlowTorch_1_Steel6.uasset" 691
"../../../hackathon/Content/Done/BlowTorch/Steel8Mat.uasset" 692
"../../../hackathon/Content/Done/BlowTorch/BlowTorch_1_Steel8.uasset" 693
"../../../hackathon/Content/Done/BlowTorch/Steel9Mat.uasset" 694
"../../../hackathon/Content/Done/BlowTorch/BlowTorch_1_Steel9.uasset" 695
"../../../hackathon/Content/Done/BlowTorch/BlowTorch_BP.uasset" 696
"../../../hackathon/Content/Textures/fertilizers/Hoverboard.uasset" 697
"../../../hackathon/Content/Textures/fertilizers/fertilizers_info_2.uasset" 698
"../../../hackathon/Content/Textures/fertilizers/fertilizers_info_2_Mat.uasset" 699
"../../../hackathon/Content/Textures/fertilizers/Hoverboard2.uasset" 700
"../../../hackathon/Content/Textures/fertilizers/text2.uasset" 701
"../../../hackathon/Content/Textures/fertilizers/text2_Mat.uasset" 702
"../../../hackathon/Content/Textures/fertilizers/Hoverboard3.uasset" 703
"../../../hackathon/Content/Textures/fertilizers/text3.uasset" 704
"../../../hackathon/Content/Textures/fertilizers/text3_Mat.uasset" 705
"../../../hackathon/Content/Textures/fertilizers/Hoverboard4.uasset" 706
"../../../hackathon/Content/Textures/fertilizers/Hoverboard5.uasset" 707
"../../../hackathon/Content/Textures/fertilizers/fertilizers1.uasset" 708
"../../../hackathon/Content/Textures/fertilizers/fertilizers1_Mat.uasset" 709
"../../../hackathon/Content/Textures/fertilizers/text4.uasset" 710
"../../../hackathon/Content/Textures/fertilizers/text4_Mat.uasset" 711
"../../../hackathon/Content/VirtualRealityBP/Maps/Fertilizer_Map.umap" 712
"../../../hackathon/Content/VirtualRealityBP/Blueprints/HMDLocomotionPawn.uasset" 713
"../../../hackathon/Content/VirtualRealityBP/Maps/HMDLocomotionMap_BuiltData.uasset" 714
"../../../hackathon/Content/VirtualRealityBP/Maps/HMDLocomotionMap.umap" 715
"../../../hackathon/Content/Done/Axe/2_Shovel.uasset" 716
"../../../hackathon/Content/Done/Axe/2_Shovel_BP.uasset" 717
"../../../hackathon/Content/Done/Axe/4_axe.uasset" 718
"../../../hackathon/Content/Done/Axe/4_axe_Mat.uasset" 719
"../../../hackathon/Content/Done/Axe/4_AxeSM.uasset" 720
"../../../hackathon/Content/Done/Axe/4_AXE_BP2.uasset" 721
"../../../hackathon/Content/Done/Material__25.uasset" 722
"../../../hackathon/Content/Done/Solid1.uasset" 723
"../../../hackathon/Content/Done/Material__26.uasset" 724
"../../../hackathon/Content/Done/Solid1_1.uasset" 725
"../../../hackathon/Content/Done/Solid1_10.uasset" 726
"../../../hackathon/Content/Done/Solid1_11.uasset" 727
"../../../hackathon/Content/Done/Solid1_12.uasset" 728
"../../../hackathon/Content/Done/Solid1_13.uasset" 729
"../../../hackathon/Content/Done/Material__27.uasset" 730
"../../../hackathon/Content/Done/Solid1_14.uasset" 731
"../../../hackathon/Content/Done/Solid1_15.uasset" 732
"../../../hackathon/Content/Done/Material__29.uasset" 733
"../../../hackathon/Content/Done/Solid1_16.uasset" 734
"../../../hackathon/Content/Done/Solid1_17.uasset" 735
"../../../hackathon/Content/Done/Solid1_18.uasset" 736
"../../../hackathon/Content/Done/Material__30.uasset" 737
"../../../hackathon/Content/Done/Solid1_19.uasset" 738
"../../../hackathon/Content/Done/Solid1_2.uasset" 739
"../../../hackathon/Content/Done/Solid1_20.uasset" 740
"../../../hackathon/Content/Done/Solid1_21.uasset" 741
"../../../hackathon/Content/Done/Solid1_22.uasset" 742
"../../../hackathon/Content/Done/Solid1_23.uasset" 743
"../../../hackathon/Content/Done/Solid1_24.uasset" 744
"../../../hackathon/Content/Done/Solid1_25.uasset" 745
"../../../hackathon/Content/Done/Solid1_26.uasset" 746
"../../../hackathon/Content/Done/Solid1_27.uasset" 747
"../../../hackathon/Content/Done/Solid1_28.uasset" 748
"../../../hackathon/Content/Done/Solid1_29.uasset" 749
"../../../hackathon/Content/Done/Solid1_3.uasset" 750
"../../../hackathon/Content/Done/Solid1_30.uasset" 751
"../../../hackathon/Content/Done/Solid1_31.uasset" 752
"../../../hackathon/Content/Done/Solid1_32.uasset" 753
"../../../hackathon/Content/Done/Solid1_33.uasset" 754
"../../../hackathon/Content/Done/Solid1_34.uasset" 755
"../../../hackathon/Content/Done/Solid1_35.uasset" 756
"../../../hackathon/Content/Done/Solid1_36.uasset" 757
"../../../hackathon/Content/Done/Solid1_37.uasset" 758
"../../../hackathon/Content/Done/Solid1_38.uasset" 759
"../../../hackathon/Content/Done/Solid1_39.uasset" 760
"../../../hackathon/Content/Done/Solid1_4.uasset" 761
"../../../hackathon/Content/Done/Solid1_40.uasset" 762
"../../../hackathon/Content/Done/Solid1_41.uasset" 763
"../../../hackathon/Content/Done/Solid1_42.uasset" 764
"../../../hackathon/Content/Done/Solid1_43.uasset" 765
"../../../hackathon/Content/Done/Solid1_44.uasset" 766
"../../../hackathon/Content/Done/Solid1_45.uasset" 767
"../../../hackathon/Content/Done/Solid1_46.uasset" 768
"../../../hackathon/Content/Done/Solid1_47.uasset" 769
"../../../hackathon/Content/Done/Solid1_48.uasset" 770
"../../../hackathon/Content/Done/Solid1_49.uasset" 771
"../../../hackathon/Content/Done/Solid1_5.uasset" 772
"../../../hackathon/Content/Done/Solid1_50.uasset" 773
"../../../hackathon/Content/Done/Solid1_51.uasset" 774
"../../../hackathon/Content/Done/Solid1_52.uasset" 775
"../../../hackathon/Content/Done/Solid1_53.uasset" 776
"../../../hackathon/Content/Done/Solid1_54.uasset" 777
"../../../hackathon/Content/Done/Solid1_55.uasset" 778
"../../../hackathon/Content/Done/Solid1_56.uasset" 779
"../../../hackathon/Content/Done/Solid1_6.uasset" 780
"../../../hackathon/Content/Done/Solid1_7.uasset" 781
"../../../hackathon/Content/Done/Solid1_8.uasset" 782
"../../../hackathon/Content/Done/Solid1_9.uasset" 783
"../../../hackathon/Content/Done/Solid2.uasset" 784
"../../../hackathon/Content/Done/Solid2_1.uasset" 785
"../../../hackathon/Content/Done/Solid2_2.uasset" 786
"../../../hackathon/Content/Done/Solid2_3.uasset" 787
"../../../hackathon/Content/Done/Solid2_4.uasset" 788
"../../../hackathon/Content/Done/Solid2_5.uasset" 789
"../../../hackathon/Content/Done/Solid3.uasset" 790
"../../../hackathon/Content/Done/Solid3_1.uasset" 791
"../../../hackathon/Content/Done/Solid3_2.uasset" 792
"../../../hackathon/Content/Done/Solid3_3.uasset" 793
"../../../hackathon/Content/Done/Solid3_4.uasset" 794
"../../../hackathon/Content/Done/Solid3_5.uasset" 795
"../../../hackathon/Content/Done/FbxScene_shed.uasset" 796
"../../../hackathon/Content/goat/goat2.uasset" 797
"../../../hackathon/Content/goat/goat.uasset" 798
"../../../hackathon/Content/goat/goat1.uasset" 799
"../../../hackathon/Content/Machine2/machine2_BackWheel.uasset" 800
"../../../hackathon/Content/Machine2/machine2_Base.uasset" 801
"../../../hackathon/Content/Machine2/machine2_FrontWheel.uasset" 802
"../../../hackathon/Content/Machine2/machine2_Loft01.uasset" 803
"../../../hackathon/Content/Machine2/machine2_RoterCutter.uasset" 804
"../../../hackathon/Content/Machine2/Machin2.uasset" 805
"../../../hackathon/Content/Done/danda_Mirror2.uasset" 806
"../../../hackathon/Content/Done/danda_Revolve1.uasset" 807
"../../../hackathon/Content/VirtualRealityBP/Blueprints/danda.uasset" 808
"../../../hackathon/Content/VirtualRealityBP/Blueprints/PICKUP_Wheat.uasset" 809
"../../../hackathon/Content/VirtualRealityBP/Blueprints/Sandbag_10.uasset" 810
"../../../hackathon/Content/VirtualRealityBP/Blueprints/sack.uasset" 811
"../../../hackathon/Content/VirtualRealityBP/Blueprints/wheat.uasset" 812
"../../../hackathon/Content/VirtualRealityBP/Maps/cropfertile.uasset" 813
"../../../hackathon/Content/VirtualRealityBP/Maps/crop.uasset" 814
"../../../hackathon/Content/wheat3/Wheat_Seed.uasset" 815
"../../../hackathon/Content/wheat3/Wheat_Seed_BP.uasset" 816
"../../../hackathon/Content/VirtualRealityBP/Maps/MotionControllerMap_BuiltData.uasset" 817
"../../../hackathon/Content/StarterContent/Materials/M_ColorGrid_LowSpec.uasset" 818
"../../../Engine/Content/EngineMaterials/DefaultPhysicalMaterial.uasset" 819
"../../../hackathon/Content/hut/wooden_house_001a.uasset" 820
"../../../hackathon/Content/hut/wooden_house_001b.uasset" 821
"../../../hackathon/Content/hut/wooden_house_001c.uasset" 822
"../../../hackathon/Content/hut/wooden_house_001d.uasset" 823
"../../../hackathon/Content/hut/wooden_house_001e.uasset" 824
"../../../hackathon/Content/hut/wooden_house_001_PhysicsAsset.uasset" 825
"../../../hackathon/Content/hut/wooden_house_001_Skeleton.uasset" 826
"../../../hackathon/Content/hut/wooden_house_001.uasset" 827
"../../../hackathon/Content/Mat.uasset" 828
"../../../hackathon/Content/scarecrow_PhysicsAsset.uasset" 829
"../../../hackathon/Content/scarecrow_Skeleton.uasset" 830
"../../../hackathon/Content/scarecrow.uasset" 831
"../../../hackathon/Content/wood/WoodTexture.uasset" 832
"../../../hackathon/Content/wood/WoodTexture_Mat.uasset" 833
"../../../hackathon/Content/wood/Wood_Wood_005.uasset" 834
"../../../hackathon/Content/VirtualRealityBP/Maps/MotionControllerMap.umap" 835
"../../../hackathon/Content/VirtualRealityBP/Maps/StartupMap_BuiltData.uasset" 836
"../../../hackathon/Content/VirtualReality/Meshes/GenericHMD.uasset" 837
"../../../hackathon/Content/VirtualRealityBP/Maps/StartupMap.umap" 838
